============================================================
  Generated by:           Genus(TM) Synthesis Solution 21.10-p002_1
  Generated on:           Dec 02 2024  04:27:58 pm
  Module:                 riscv_core
  Operating conditions:   PVT_0P9V_125C 
  Interconnect mode:      global
  Area mode:              timing library
============================================================

                               
   Gate    Instances    Area       Library    
----------------------------------------------
ADDFX1            37   189.810    slow_vdd1v0 
ADDHX1            97   364.914    slow_vdd1v0 
AND2X1            94   128.592    slow_vdd1v0 
AND2X2             3     5.130    slow_vdd1v0 
AND2X4             4    10.944    slow_vdd1v0 
AND2X6             1     3.762    slow_vdd1v0 
AND3X1             2     4.788    slow_vdd1v0 
AND3XL             1     2.052    slow_vdd1v0 
AND4X1            26    62.244    slow_vdd1v0 
AO21X1             7    16.758    slow_vdd1v0 
AO22X1            10    27.360    slow_vdd1v0 
AOI211X1           1     2.394    slow_vdd1v0 
AOI21X1            4     6.840    slow_vdd1v0 
AOI21XL           10    17.100    slow_vdd1v0 
AOI221X1          36    86.184    slow_vdd1v0 
AOI221X2           2     8.892    slow_vdd1v0 
AOI222X1          17    52.326    slow_vdd1v0 
AOI22X1           22    45.144    slow_vdd1v0 
AOI22XL            3     6.156    slow_vdd1v0 
AOI2BB2X1          1     3.420    slow_vdd1v0 
AOI31X1            8    16.416    slow_vdd1v0 
BUFX2              4     6.840    slow_vdd1v0 
BUFX6            132   406.296    slow_vdd1v0 
BUFX8              1     3.762    slow_vdd1v0 
CLKAND2X8          1     5.814    slow_vdd1v0 
CLKINVX12          1     4.104    slow_vdd1v0 
CLKINVX4           1     1.710    slow_vdd1v0 
CLKINVX6           2     4.788    slow_vdd1v0 
CLKXOR2X1         10    27.360    slow_vdd1v0 
DFFRHQX1          38   233.928    slow_vdd1v0 
DFFRHQX4           1     9.576    slow_vdd1v0 
DFFRX1             3    20.520    slow_vdd1v0 
DFFRX2             5    37.620    slow_vdd1v0 
DFFRX4             1     9.576    slow_vdd1v0 
DFFSRHQX1        118  1291.392    slow_vdd1v0 
DFFSRHQX2          3    33.858    slow_vdd1v0 
DFFSRX1            8    90.288    slow_vdd1v0 
INVX1             99    67.716    slow_vdd1v0 
INVX2              7     7.182    slow_vdd1v0 
INVX3              5     6.840    slow_vdd1v0 
INVX6              2     4.788    slow_vdd1v0 
INVX8              1     3.078    slow_vdd1v0 
INVXL             45    30.780    slow_vdd1v0 
MX2X1             64   153.216    slow_vdd1v0 
MXI2X1            13    35.568    slow_vdd1v0 
MXI2X2             2     8.892    slow_vdd1v0 
MXI2X6             1     5.130    slow_vdd1v0 
MXI2XL             3     7.182    slow_vdd1v0 
NAND2BX1          11    15.048    slow_vdd1v0 
NAND2BX2           2     4.788    slow_vdd1v0 
NAND2BXL          13    17.784    slow_vdd1v0 
NAND2X1           92    94.392    slow_vdd1v0 
NAND2X2           30    51.300    slow_vdd1v0 
NAND2X4            1     3.146    slow_vdd1v0 
NAND2XL          150   153.900    slow_vdd1v0 
NAND3BX1           4     8.208    slow_vdd1v0 
NAND3X1            5     8.550    slow_vdd1v0 
NAND4BX2           2     8.892    slow_vdd1v0 
NAND4X4            1     6.840    slow_vdd1v0 
NOR2BX1           51    69.768    slow_vdd1v0 
NOR2BX2            1     2.736    slow_vdd1v0 
NOR2X1            19    19.494    slow_vdd1v0 
NOR2X2             2     3.420    slow_vdd1v0 
NOR2XL            22    22.572    slow_vdd1v0 
NOR3BX1            2     4.104    slow_vdd1v0 
NOR3XL             3     5.130    slow_vdd1v0 
NOR4X1             2     3.420    slow_vdd1v0 
OA21X1             2     4.104    slow_vdd1v0 
OA22X1             7    16.758    slow_vdd1v0 
OAI211X1          18    30.780    slow_vdd1v0 
OAI21X1            7    11.970    slow_vdd1v0 
OAI21X2            1     3.078    slow_vdd1v0 
OAI21XL           11    18.810    slow_vdd1v0 
OAI221X1          25    59.850    slow_vdd1v0 
OAI221X2          12    57.456    slow_vdd1v0 
OAI22X1            1     2.052    slow_vdd1v0 
OAI22XL           28    57.456    slow_vdd1v0 
OAI2BB1X1         33    56.430    slow_vdd1v0 
OAI2BB1X2          2     6.156    slow_vdd1v0 
OAI31X1            4     8.208    slow_vdd1v0 
OAI31X2           11    41.382    slow_vdd1v0 
OAI32X1            7    16.758    slow_vdd1v0 
OAI33X1            1     2.736    slow_vdd1v0 
OR2X1             59    80.712    slow_vdd1v0 
OR2X2              4     6.840    slow_vdd1v0 
OR2X4              2     5.472    slow_vdd1v0 
OR2XL            123   168.264    slow_vdd1v0 
OR3X1              4     8.208    slow_vdd1v0 
OR3X2              1     2.394    slow_vdd1v0 
OR4X1             14    28.728    slow_vdd1v0 
OR4X2              1     3.420    slow_vdd1v0 
SDFFQX1           32   240.768    slow_vdd1v0 
SDFFRHQX1         32   262.656    slow_vdd1v0 
TLATX1            32   175.104    slow_vdd1v0 
XNOR2X1           17    40.698    slow_vdd1v0 
----------------------------------------------
total           1861  5499.770                


                                         
     Type      Instances   Area   Area % 
-----------------------------------------
sequential           273 2405.286   43.7 
inverter             163  130.986    2.4 
buffer               137  416.898    7.6 
logic               1288 2546.600   46.3 
physical_cells         0    0.000    0.0 
-----------------------------------------
total               1861 5499.770  100.0 

